#
# A fatal error has been detected by the Java Runtime Environment:
#
#  EXCEPTION_ACCESS_VIOLATION (0xc0000005) at pc=0x00007ffd8178ea67, pid=29000, tid=23980
#
# JRE version: OpenJDK Runtime Environment Temurin-11.0.12+7 (11.0.12+7) (build 11.0.12+7)
# Java VM: OpenJDK 64-Bit Server VM Temurin-11.0.12+7 (11.0.12+7, mixed mode, tiered, compressed oops, g1 gc, windows-amd64)
# Problematic frame:
# C  [ntdll.dll+0x1ea67]
#
# No core dump will be written. Minidumps are not enabled by default on client versions of Windows
#
# If you would like to submit a bug report, please visit:
#   https://github.com/adoptium/adoptium-support/issues
# The crash happened outside the Java Virtual Machine in native code.
# See problematic frame for where to report the bug.
#

---------------  S U M M A R Y ------------

Command Line: com.mygdx.game.DesktopLauncher

Host: 11th Gen Intel(R) Core(TM) i5-11400 @ 2.60GHz, 12 cores, 15G,  Windows 10 , 64 bit Build 19041 (10.0.19041.1566)
Time: Sat Mar 26 04:04:35 2022 Pacific Daylight Time elapsed time: 5.158435 seconds (0d 0h 0m 5s)

---------------  T H R E A D  ---------------

Current thread (0x00000180da43e800):  JavaThread "main" [_thread_in_native, id=23980, stack(0x0000007633700000,0x0000007633800000)]

Stack: [0x0000007633700000,0x0000007633800000],  sp=0x00000076337fe8f0,  free space=1018k
Native frames: (J=compiled Java code, j=interpreted, Vv=VM code, C=native code)
C  [ntdll.dll+0x1ea67]
C  [ntdll.dll+0x1e3ad]
C  [ntdll.dll+0x265f6]
C  [ntdll.dll+0x25b74]
C  [ntdll.dll+0x247b1]
C  [msvcrt.dll+0x19c9c]
C  0x00000180e2b8f777

Java frames: (J=compiled Java code, j=interpreted, Vv=VM code)
j  com.badlogic.gdx.utils.BufferUtils.freeMemory(Ljava/nio/ByteBuffer;)V+0
j  com.badlogic.gdx.utils.BufferUtils.disposeUnsafeByteBuffer(Ljava/nio/ByteBuffer;)V+51
j  com.badlogic.gdx.graphics.glutils.VertexArray.dispose()V+4
j  com.badlogic.gdx.graphics.Mesh.dispose()V+38
j  com.badlogic.gdx.graphics.g2d.SpriteBatch.dispose()V+4
j  com.mygdx.Cube.dispose()V+4
j  com.badlogic.gdx.backends.lwjgl3.Lwjgl3Window.dispose()V+13
j  com.badlogic.gdx.backends.lwjgl3.Lwjgl3Application.loop()V+408
j  com.badlogic.gdx.backends.lwjgl3.Lwjgl3Application.<init>(Lcom/badlogic/gdx/ApplicationListener;Lcom/badlogic/gdx/backends/lwjgl3/Lwjgl3ApplicationConfiguration;)V+243
j  com.mygdx.game.DesktopLauncher.main([Ljava/lang/String;)V+35
v  ~StubRoutines::call_stub

siginfo: EXCEPTION_ACCESS_VIOLATION (0xc0000005), reading address 0x00000000feffffff


Register to memory mapping:

RIP=0x00007ffd8178ea67 ntdll.dll
RAX=0x00000000feffffff is an unknown value
RBX=0x00000180810643c0 points into unknown readable memory: 0x0000000000000000 | 00 00 00 00 00 00 00 00
RCX=0x0000000000100000 is an unknown value
RDX=0x000000000000008e is an unknown value
RSP=0x00000076337fe8f0 is pointing into the stack for thread: 0x00000180da43e800
RBP=0x0000018081050000 points into unknown readable memory: 0x0000000000000000 | 00 00 00 00 00 00 00 00
RSI=0x00000180d8c70000 points into unknown readable memory: 0x0000000000000000 | 00 00 00 00 00 00 00 00
RDI=0x0000000000000002 is an unknown value
R8 =0x000001808107b340 points into unknown readable memory: 0x44040000419ffc86 | 86 fc 9f 41 00 00 04 44
R9 =0x0 is NULL
R10=64 is a compressed pointer to class: 0x0000000800000040
R11=0x00000076337fe930 is pointing into the stack for thread: 0x00000180da43e800
R12=0x0000000000001389 is an unknown value
R13=0x0000000000001389 is an unknown value
R14=0x00000180810643d0 points into unknown readable memory: 0x4390000043960000 | 00 00 96 43 00 00 90 43
R15=0x0000000000001389 is an unknown value


Registers:
RAX=0x00000000feffffff, RBX=0x00000180810643c0, RCX=0x0000000000100000, RDX=0x000000000000008e
RSP=0x00000076337fe8f0, RBP=0x0000018081050000, RSI=0x00000180d8c70000, RDI=0x0000000000000002
R8 =0x000001808107b340, R9 =0x0000000000000000, R10=0x0000000000000040, R11=0x00000076337fe930
R12=0x0000000000001389, R13=0x0000000000001389, R14=0x00000180810643d0, R15=0x0000000000001389
RIP=0x00007ffd8178ea67, EFLAGS=0x0000000000010287

Top of Stack: (sp=0x00000076337fe8f0)
0x00000076337fe8f0:   00000180810643c0 00000180d8c70000
0x00000076337fe900:   0000000000000014 00007ffd1373434f
0x00000076337fe910:   00000007122cae98 00000007122cae98
0x00000076337fe920:   00000076337fec70 00007ffd8e0047c9
0x00000076337fe930:   0000018081064300 00000180810643c0
0x00000076337fe940:   0000000000000000 0000000000000000
0x00000076337fe950:   0000000000001389 00007ffd8178e3ad
0x00000076337fe960:   00000180d8c70000 00000076337fe9c9
0x00000076337fe970:   0000018081064301 00000180810643c0
0x00000076337fe980:   00000180da43e800 0000000000000001
0x00000076337fe990:   00000180883b0bd8 00000180883b0bd8
0x00000076337fe9a0:   00000180da43e800 00000076337feb70
0x00000076337fe9b0:   00000076337feaa8 0000000000000000
0x00000076337fe9c0:   00000076337fea01 00000180ff741c00
0x00000076337fe9d0:   00000180da43e800 00007ffd13351c5c
0x00000076337fe9e0:   00000076337fed70 00000076337fed50 

Instructions: (pc=0x00007ffd8178ea67)
0x00007ffd8178e967:   7a 0c 45 33 c9 66 33 b9 8c 00 00 00 4d 8b e0 48
0x00007ffd8178e977:   8b da 48 8b f1 0f 84 76 02 00 00 0f b6 43 0e 84
0x00007ffd8178e987:   c0 0f 84 2e 02 00 00 48 c1 e0 10 48 8b eb 48 81
0x00007ffd8178e997:   e5 00 00 ff ff 48 2b e8 48 81 c5 00 00 01 00 8a
0x00007ffd8178e9a7:   43 0a 4c 8d b6 50 01 00 00 88 84 24 80 00 00 00
0x00007ffd8178e9b7:   ba 00 ff 00 00 4c 3b e2 0f 87 45 02 00 00 45 0f
0x00007ffd8178e9c7:   b7 fc 4c 3b e2 0f b6 c0 41 8b c9 0f 46 c8 88 4b
0x00007ffd8178e9d7:   0a 0f b7 86 8c 00 00 00 66 33 c7 66 89 43 0c 48
0x00007ffd8178e9e7:   8b 55 28 48 3b d5 0f 85 8d 01 00 00 41 8a f9 80
0x00007ffd8178e9f7:   63 0a f0 40 88 7b 0e 66 44 89 7b 08 44 88 4b 0b
0x00007ffd8178ea07:   44 88 4b 0f f6 46 70 40 45 0f b7 ef 0f 85 ff 0a
0x00007ffd8178ea17:   09 00 4c 39 8e 38 01 00 00 0f 84 ca 01 00 00 49
0x00007ffd8178ea27:   8b d5 48 8b ce e8 2b f8 ff ff 4c 8b c0 45 33 c9
0x00007ffd8178ea37:   4d 3b f0 74 23 8b 4e 7c 85 c9 0f 85 7d 01 00 00
0x00007ffd8178ea47:   41 0f b7 40 f8 eb 05 0f b7 44 24 38 0f b7 c0 4c
0x00007ffd8178ea57:   3b e8 0f 87 12 0b 09 00 49 8b 40 08 4c 8d 73 10
0x00007ffd8178ea67:   48 8b 08 49 3b c8 0f 85 d4 00 00 00 4d 89 06 49
0x00007ffd8178ea77:   89 46 08 4c 89 30 4d 89 70 08 0f b7 43 08 48 01
0x00007ffd8178ea87:   86 c0 00 00 00 48 8b 96 38 01 00 00 48 85 d2 74
0x00007ffd8178ea97:   3d 0f b7 7b 08 8b 42 08 48 3b f8 72 14 48 8b 02
0x00007ffd8178eaa7:   48 85 c0 0f 84 36 01 00 00 48 8b d0 8b 40 08 eb
0x00007ffd8178eab7:   e7 48 8b cf 48 89 7c 24 28 4d 8b ce 89 4c 24 20
0x00007ffd8178eac7:   41 b0 01 48 8b ce e8 da f6 ff ff 45 33 c9 44 39
0x00007ffd8178ead7:   4e 7c 0f 85 87 00 00 00 4d 2b e5 41 0f b7 ff 49
0x00007ffd8178eae7:   c1 e5 04 49 03 dd 48 3b 5d 48 73 35 8a 84 24 80
0x00007ffd8178eaf7:   00 00 00 4c 8d b6 50 01 00 00 ba 00 ff 00 00 4d
0x00007ffd8178eb07:   85 e4 0f 85 ad fe ff ff 0f b7 86 8c 00 00 00 66
0x00007ffd8178eb17:   41 33 c7 66 89 43 0c 66 45 85 ff 0f 84 5a 0a 09
0x00007ffd8178eb27:   00 4c 8d 5c 24 40 49 8b 5b 30 49 8b 6b 38 49 8b
0x00007ffd8178eb37:   73 48 49 8b e3 41 5f 41 5e 41 5d 41 5c 5f c3 cc
0x00007ffd8178eb47:   4c 89 4c 24 28 33 d2 48 89 4c 24 20 45 33 c9 8d
0x00007ffd8178eb57:   4a 0d e8 5e f3 0e 00 45 33 c9 e9 1b ff ff ff 8a 


Stack slot to memory mapping:
stack at sp + 0 slots: 0x00000180810643c0 points into unknown readable memory: 0x0000000000000000 | 00 00 00 00 00 00 00 00
stack at sp + 1 slots: 0x00000180d8c70000 points into unknown readable memory: 0x0000000000000000 | 00 00 00 00 00 00 00 00
stack at sp + 2 slots: 0x0000000000000014 is an unknown value
stack at sp + 3 slots: 0x00007ffd1373434f jvm.dll
stack at sp + 4 slots: 0x00000007122cae98 is an oop: [Ljava.lang.Object; 
{0x00000007122cae98} - klass: 'java/lang/Object'[]
 - length: 16
stack at sp + 5 slots: 0x00000007122cae98 is an oop: [Ljava.lang.Object; 
{0x00000007122cae98} - klass: 'java/lang/Object'[]
 - length: 16
stack at sp + 6 slots: 0x00000076337fec70 is pointing into the stack for thread: 0x00000180da43e800
stack at sp + 7 slots: 0x00007ffd8e0047c9 is an unknown value


---------------  P R O C E S S  ---------------

Threads class SMR info:
_java_thread_list=0x000001808262a440, length=11, elements={
0x00000180da43e800, 0x00000180fec31800, 0x00000180fec34800, 0x00000180ff53e800,
0x00000180ff541000, 0x00000180ff543800, 0x00000180ff546800, 0x00000180ff54f800,
0x00000180ff560800, 0x00000180ff6d3000, 0x00000180826c7000
}

Java Threads: ( => current thread )
=>0x00000180da43e800 JavaThread "main" [_thread_in_native, id=23980, stack(0x0000007633700000,0x0000007633800000)]
  0x00000180fec31800 JavaThread "Reference Handler" daemon [_thread_blocked, id=36700, stack(0x0000007633e00000,0x0000007633f00000)]
  0x00000180fec34800 JavaThread "Finalizer" daemon [_thread_blocked, id=38140, stack(0x0000007633f00000,0x0000007634000000)]
  0x00000180ff53e800 JavaThread "Signal Dispatcher" daemon [_thread_blocked, id=27552, stack(0x0000007634000000,0x0000007634100000)]
  0x00000180ff541000 JavaThread "Attach Listener" daemon [_thread_blocked, id=3524, stack(0x0000007634100000,0x0000007634200000)]
  0x00000180ff543800 JavaThread "Service Thread" daemon [_thread_blocked, id=22864, stack(0x0000007634200000,0x0000007634300000)]
  0x00000180ff546800 JavaThread "C2 CompilerThread0" daemon [_thread_blocked, id=25572, stack(0x0000007634300000,0x0000007634400000)]
  0x00000180ff54f800 JavaThread "C1 CompilerThread0" daemon [_thread_blocked, id=31960, stack(0x0000007634400000,0x0000007634500000)]
  0x00000180ff560800 JavaThread "Sweeper thread" daemon [_thread_blocked, id=17484, stack(0x0000007634500000,0x0000007634600000)]
  0x00000180ff6d3000 JavaThread "Common-Cleaner" daemon [_thread_blocked, id=2984, stack(0x0000007634700000,0x0000007634800000)]
  0x00000180826c7000 JavaThread "LWJGL3 Timer" daemon [_thread_blocked, id=35884, stack(0x0000007635900000,0x0000007635a00000)]

Other Threads:
  0x00000180fec5d800 VMThread "VM Thread" [stack: 0x0000007633d00000,0x0000007633e00000] [id=16488]
  0x00000180ff6c5000 WatcherThread [stack: 0x0000007634600000,0x0000007634700000] [id=20472]
  0x00000180da457000 GCTaskThread "GC Thread#0" [stack: 0x0000007633800000,0x0000007633900000] [id=26416]
  0x00000180825a7000 GCTaskThread "GC Thread#1" [stack: 0x0000007635400000,0x0000007635500000] [id=18316]
  0x00000180825a8000 GCTaskThread "GC Thread#2" [stack: 0x0000007635500000,0x0000007635600000] [id=38712]
  0x0000018082878800 GCTaskThread "GC Thread#3" [stack: 0x0000007635600000,0x0000007635700000] [id=22744]
  0x0000018082879000 GCTaskThread "GC Thread#4" [stack: 0x0000007635700000,0x0000007635800000] [id=28004]
  0x000001808287a000 GCTaskThread "GC Thread#5" [stack: 0x0000007635800000,0x0000007635900000] [id=34504]
  0x00000180da4b5000 ConcurrentGCThread "G1 Main Marker" [stack: 0x0000007633900000,0x0000007633a00000] [id=31084]
  0x00000180da4b7000 ConcurrentGCThread "G1 Conc#0" [stack: 0x0000007633a00000,0x0000007633b00000] [id=29460]
  0x00000180feb15800 ConcurrentGCThread "G1 Refine#0" [stack: 0x0000007633b00000,0x0000007633c00000] [id=22712]
  0x00000180feb16800 ConcurrentGCThread "G1 Young RemSet Sampling" [stack: 0x0000007633c00000,0x0000007633d00000] [id=25968]

Threads with active compile tasks:

VM state:not at safepoint (normal execution)

VM Mutex/Monitor currently owned by a thread: None

Heap address: 0x0000000702800000, size: 4056 MB, Compressed Oops mode: Zero based, Oop shift amount: 3
Narrow klass base: 0x0000000800000000, Narrow klass shift: 0
Compressed class space size: 1073741824 Address: 0x0000000800000000

Heap:
 garbage-first heap   total 260096K, used 9331K [0x0000000702800000, 0x0000000800000000)
  region size 1024K, 11 young (11264K), 3 survivors (3072K)
 Metaspace       used 13664K, capacity 13840K, committed 14080K, reserved 1062912K
  class space    used 965K, capacity 1017K, committed 1024K, reserved 1048576K
Heap Regions: E=young(eden), S=young(survivor), O=old, HS=humongous(starts), HC=humongous(continues), CS=collection set, F=free, A=archive, TAMS=top-at-mark-start (previous, next)
|   0|0x0000000702800000, 0x0000000702800000, 0x0000000702900000|  0%| F|  |TAMS 0x0000000702800000, 0x0000000702800000| Untracked 
|   1|0x0000000702900000, 0x0000000702900000, 0x0000000702a00000|  0%| F|  |TAMS 0x0000000702900000, 0x0000000702900000| Untracked 
|   2|0x0000000702a00000, 0x0000000702a00000, 0x0000000702b00000|  0%| F|  |TAMS 0x0000000702a00000, 0x0000000702a00000| Untracked 
|   3|0x0000000702b00000, 0x0000000702b00000, 0x0000000702c00000|  0%| F|  |TAMS 0x0000000702b00000, 0x0000000702b00000| Untracked 
|   4|0x0000000702c00000, 0x0000000702c00000, 0x0000000702d00000|  0%| F|  |TAMS 0x0000000702c00000, 0x0000000702c00000| Untracked 
|   5|0x0000000702d00000, 0x0000000702d00000, 0x0000000702e00000|  0%| F|  |TAMS 0x0000000702d00000, 0x0000000702d00000| Untracked 
|   6|0x0000000702e00000, 0x0000000702e00000, 0x0000000702f00000|  0%| F|  |TAMS 0x0000000702e00000, 0x0000000702e00000| Untracked 
|   7|0x0000000702f00000, 0x0000000702f00000, 0x0000000703000000|  0%| F|  |TAMS 0x0000000702f00000, 0x0000000702f00000| Untracked 
|   8|0x0000000703000000, 0x0000000703000000, 0x0000000703100000|  0%| F|  |TAMS 0x0000000703000000, 0x0000000703000000| Untracked 
|   9|0x0000000703100000, 0x0000000703100000, 0x0000000703200000|  0%| F|  |TAMS 0x0000000703100000, 0x0000000703100000| Untracked 
|  10|0x0000000703200000, 0x0000000703200000, 0x0000000703300000|  0%| F|  |TAMS 0x0000000703200000, 0x0000000703200000| Untracked 
|  11|0x0000000703300000, 0x0000000703300000, 0x0000000703400000|  0%| F|  |TAMS 0x0000000703300000, 0x0000000703300000| Untracked 
|  12|0x0000000703400000, 0x0000000703400000, 0x0000000703500000|  0%| F|  |TAMS 0x0000000703400000, 0x0000000703400000| Untracked 
|  13|0x0000000703500000, 0x0000000703500000, 0x0000000703600000|  0%| F|  |TAMS 0x0000000703500000, 0x0000000703500000| Untracked 
|  14|0x0000000703600000, 0x0000000703600000, 0x0000000703700000|  0%| F|  |TAMS 0x0000000703600000, 0x0000000703600000| Untracked 
|  15|0x0000000703700000, 0x0000000703700000, 0x0000000703800000|  0%| F|  |TAMS 0x0000000703700000, 0x0000000703700000| Untracked 
|  16|0x0000000703800000, 0x0000000703800000, 0x0000000703900000|  0%| F|  |TAMS 0x0000000703800000, 0x0000000703800000| Untracked 
|  17|0x0000000703900000, 0x0000000703900000, 0x0000000703a00000|  0%| F|  |TAMS 0x0000000703900000, 0x0000000703900000| Untracked 
|  18|0x0000000703a00000, 0x0000000703a00000, 0x0000000703b00000|  0%| F|  |TAMS 0x0000000703a00000, 0x0000000703a00000| Untracked 
|  19|0x0000000703b00000, 0x0000000703b00000, 0x0000000703c00000|  0%| F|  |TAMS 0x0000000703b00000, 0x0000000703b00000| Untracked 
|  20|0x0000000703c00000, 0x0000000703c00000, 0x0000000703d00000|  0%| F|  |TAMS 0x0000000703c00000, 0x0000000703c00000| Untracked 
|  21|0x0000000703d00000, 0x0000000703d00000, 0x0000000703e00000|  0%| F|  |TAMS 0x0000000703d00000, 0x0000000703d00000| Untracked 
|  22|0x0000000703e00000, 0x0000000703e00000, 0x0000000703f00000|  0%| F|  |TAMS 0x0000000703e00000, 0x0000000703e00000| Untracked 
|  23|0x0000000703f00000, 0x0000000703f00000, 0x0000000704000000|  0%| F|  |TAMS 0x0000000703f00000, 0x0000000703f00000| Untracked 
|  24|0x0000000704000000, 0x0000000704000000, 0x0000000704100000|  0%| F|  |TAMS 0x0000000704000000, 0x0000000704000000| Untracked 
|  25|0x0000000704100000, 0x0000000704100000, 0x0000000704200000|  0%| F|  |TAMS 0x0000000704100000, 0x0000000704100000| Untracked 
|  26|0x0000000704200000, 0x0000000704200000, 0x0000000704300000|  0%| F|  |TAMS 0x0000000704200000, 0x0000000704200000| Untracked 
|  27|0x0000000704300000, 0x0000000704300000, 0x0000000704400000|  0%| F|  |TAMS 0x0000000704300000, 0x0000000704300000| Untracked 
|  28|0x0000000704400000, 0x0000000704400000, 0x0000000704500000|  0%| F|  |TAMS 0x0000000704400000, 0x0000000704400000| Untracked 
|  29|0x0000000704500000, 0x0000000704500000, 0x0000000704600000|  0%| F|  |TAMS 0x0000000704500000, 0x0000000704500000| Untracked 
|  30|0x0000000704600000, 0x0000000704600000, 0x0000000704700000|  0%| F|  |TAMS 0x0000000704600000, 0x0000000704600000| Untracked 
|  31|0x0000000704700000, 0x0000000704700000, 0x0000000704800000|  0%| F|  |TAMS 0x0000000704700000, 0x0000000704700000| Untracked 
|  32|0x0000000704800000, 0x0000000704800000, 0x0000000704900000|  0%| F|  |TAMS 0x0000000704800000, 0x0000000704800000| Untracked 
|  33|0x0000000704900000, 0x0000000704900000, 0x0000000704a00000|  0%| F|  |TAMS 0x0000000704900000, 0x0000000704900000| Untracked 
|  34|0x0000000704a00000, 0x0000000704a00000, 0x0000000704b00000|  0%| F|  |TAMS 0x0000000704a00000, 0x0000000704a00000| Untracked 
|  35|0x0000000704b00000, 0x0000000704b00000, 0x0000000704c00000|  0%| F|  |TAMS 0x0000000704b00000, 0x0000000704b00000| Untracked 
|  36|0x0000000704c00000, 0x0000000704c00000, 0x0000000704d00000|  0%| F|  |TAMS 0x0000000704c00000, 0x0000000704c00000| Untracked 
|  37|0x0000000704d00000, 0x0000000704d00000, 0x0000000704e00000|  0%| F|  |TAMS 0x0000000704d00000, 0x0000000704d00000| Untracked 
|  38|0x0000000704e00000, 0x0000000704e00000, 0x0000000704f00000|  0%| F|  |TAMS 0x0000000704e00000, 0x0000000704e00000| Untracked 
|  39|0x0000000704f00000, 0x0000000704f00000, 0x0000000705000000|  0%| F|  |TAMS 0x0000000704f00000, 0x0000000704f00000| Untracked 
|  40|0x0000000705000000, 0x0000000705000000, 0x0000000705100000|  0%| F|  |TAMS 0x0000000705000000, 0x0000000705000000| Untracked 
|  41|0x0000000705100000, 0x0000000705100000, 0x0000000705200000|  0%| F|  |TAMS 0x0000000705100000, 0x0000000705100000| Untracked 
|  42|0x0000000705200000, 0x0000000705200000, 0x0000000705300000|  0%| F|  |TAMS 0x0000000705200000, 0x0000000705200000| Untracked 
|  43|0x0000000705300000, 0x0000000705300000, 0x0000000705400000|  0%| F|  |TAMS 0x0000000705300000, 0x0000000705300000| Untracked 
|  44|0x0000000705400000, 0x0000000705400000, 0x0000000705500000|  0%| F|  |TAMS 0x0000000705400000, 0x0000000705400000| Untracked 
|  45|0x0000000705500000, 0x0000000705500000, 0x0000000705600000|  0%| F|  |TAMS 0x0000000705500000, 0x0000000705500000| Untracked 
|  46|0x0000000705600000, 0x0000000705600000, 0x0000000705700000|  0%| F|  |TAMS 0x0000000705600000, 0x0000000705600000| Untracked 
|  47|0x0000000705700000, 0x0000000705700000, 0x0000000705800000|  0%| F|  |TAMS 0x0000000705700000, 0x0000000705700000| Untracked 
|  48|0x0000000705800000, 0x0000000705800000, 0x0000000705900000|  0%| F|  |TAMS 0x0000000705800000, 0x0000000705800000| Untracked 
|  49|0x0000000705900000, 0x0000000705900000, 0x0000000705a00000|  0%| F|  |TAMS 0x0000000705900000, 0x0000000705900000| Untracked 
|  50|0x0000000705a00000, 0x0000000705a00000, 0x0000000705b00000|  0%| F|  |TAMS 0x0000000705a00000, 0x0000000705a00000| Untracked 
|  51|0x0000000705b00000, 0x0000000705b00000, 0x0000000705c00000|  0%| F|  |TAMS 0x0000000705b00000, 0x0000000705b00000| Untracked 
|  52|0x0000000705c00000, 0x0000000705c00000, 0x0000000705d00000|  0%| F|  |TAMS 0x0000000705c00000, 0x0000000705c00000| Untracked 
|  53|0x0000000705d00000, 0x0000000705d00000, 0x0000000705e00000|  0%| F|  |TAMS 0x0000000705d00000, 0x0000000705d00000| Untracked 
|  54|0x0000000705e00000, 0x0000000705e00000, 0x0000000705f00000|  0%| F|  |TAMS 0x0000000705e00000, 0x0000000705e00000| Untracked 
|  55|0x0000000705f00000, 0x0000000705f00000, 0x0000000706000000|  0%| F|  |TAMS 0x0000000705f00000, 0x0000000705f00000| Untracked 
|  56|0x0000000706000000, 0x0000000706000000, 0x0000000706100000|  0%| F|  |TAMS 0x0000000706000000, 0x0000000706000000| Untracked 
|  57|0x0000000706100000, 0x0000000706100000, 0x0000000706200000|  0%| F|  |TAMS 0x0000000706100000, 0x0000000706100000| Untracked 
|  58|0x0000000706200000, 0x0000000706200000, 0x0000000706300000|  0%| F|  |TAMS 0x0000000706200000, 0x0000000706200000| Untracked 
|  59|0x0000000706300000, 0x0000000706300000, 0x0000000706400000|  0%| F|  |TAMS 0x0000000706300000, 0x0000000706300000| Untracked 
|  60|0x0000000706400000, 0x0000000706400000, 0x0000000706500000|  0%| F|  |TAMS 0x0000000706400000, 0x0000000706400000| Untracked 
|  61|0x0000000706500000, 0x0000000706500000, 0x0000000706600000|  0%| F|  |TAMS 0x0000000706500000, 0x0000000706500000| Untracked 
|  62|0x0000000706600000, 0x0000000706600000, 0x0000000706700000|  0%| F|  |TAMS 0x0000000706600000, 0x0000000706600000| Untracked 
|  63|0x0000000706700000, 0x0000000706700000, 0x0000000706800000|  0%| F|  |TAMS 0x0000000706700000, 0x0000000706700000| Untracked 
|  64|0x0000000706800000, 0x0000000706800000, 0x0000000706900000|  0%| F|  |TAMS 0x0000000706800000, 0x0000000706800000| Untracked 
|  65|0x0000000706900000, 0x0000000706900000, 0x0000000706a00000|  0%| F|  |TAMS 0x0000000706900000, 0x0000000706900000| Untracked 
|  66|0x0000000706a00000, 0x0000000706a00000, 0x0000000706b00000|  0%| F|  |TAMS 0x0000000706a00000, 0x0000000706a00000| Untracked 
|  67|0x0000000706b00000, 0x0000000706b00000, 0x0000000706c00000|  0%| F|  |TAMS 0x0000000706b00000, 0x0000000706b00000| Untracked 
|  68|0x0000000706c00000, 0x0000000706c00000, 0x0000000706d00000|  0%| F|  |TAMS 0x0000000706c00000, 0x0000000706c00000| Untracked 
|  69|0x0000000706d00000, 0x0000000706d00000, 0x0000000706e00000|  0%| F|  |TAMS 0x0000000706d00000, 0x0000000706d00000| Untracked 
|  70|0x0000000706e00000, 0x0000000706e00000, 0x0000000706f00000|  0%| F|  |TAMS 0x0000000706e00000, 0x0000000706e00000| Untracked 
|  71|0x0000000706f00000, 0x0000000706f00000, 0x0000000707000000|  0%| F|  |TAMS 0x0000000706f00000, 0x0000000706f00000| Untracked 
|  72|0x0000000707000000, 0x0000000707000000, 0x0000000707100000|  0%| F|  |TAMS 0x0000000707000000, 0x0000000707000000| Untracked 
|  73|0x0000000707100000, 0x0000000707100000, 0x0000000707200000|  0%| F|  |TAMS 0x0000000707100000, 0x0000000707100000| Untracked 
|  74|0x0000000707200000, 0x0000000707200000, 0x0000000707300000|  0%| F|  |TAMS 0x0000000707200000, 0x0000000707200000| Untracked 
|  75|0x0000000707300000, 0x0000000707300000, 0x0000000707400000|  0%| F|  |TAMS 0x0000000707300000, 0x0000000707300000| Untracked 
|  76|0x0000000707400000, 0x0000000707400000, 0x0000000707500000|  0%| F|  |TAMS 0x0000000707400000, 0x0000000707400000| Untracked 
|  77|0x0000000707500000, 0x0000000707500000, 0x0000000707600000|  0%| F|  |TAMS 0x0000000707500000, 0x0000000707500000| Untracked 
|  78|0x0000000707600000, 0x0000000707600000, 0x0000000707700000|  0%| F|  |TAMS 0x0000000707600000, 0x0000000707600000| Untracked 
|  79|0x0000000707700000, 0x0000000707700000, 0x0000000707800000|  0%| F|  |TAMS 0x0000000707700000, 0x0000000707700000| Untracked 
|  80|0x0000000707800000, 0x0000000707800000, 0x0000000707900000|  0%| F|  |TAMS 0x0000000707800000, 0x0000000707800000| Untracked 
|  81|0x0000000707900000, 0x0000000707900000, 0x0000000707a00000|  0%| F|  |TAMS 0x0000000707900000, 0x0000000707900000| Untracked 
|  82|0x0000000707a00000, 0x0000000707a00000, 0x0000000707b00000|  0%| F|  |TAMS 0x0000000707a00000, 0x0000000707a00000| Untracked 
|  83|0x0000000707b00000, 0x0000000707b00000, 0x0000000707c00000|  0%| F|  |TAMS 0x0000000707b00000, 0x0000000707b00000| Untracked 
|  84|0x0000000707c00000, 0x0000000707c00000, 0x0000000707d00000|  0%| F|  |TAMS 0x0000000707c00000, 0x0000000707c00000| Untracked 
|  85|0x0000000707d00000, 0x0000000707d00000, 0x0000000707e00000|  0%| F|  |TAMS 0x0000000707d00000, 0x0000000707d00000| Untracked 
|  86|0x0000000707e00000, 0x0000000707e00000, 0x0000000707f00000|  0%| F|  |TAMS 0x0000000707e00000, 0x0000000707e00000| Untracked 
|  87|0x0000000707f00000, 0x0000000707f00000, 0x0000000708000000|  0%| F|  |TAMS 0x0000000707f00000, 0x0000000707f00000| Untracked 
|  88|0x0000000708000000, 0x0000000708000000, 0x0000000708100000|  0%| F|  |TAMS 0x0000000708000000, 0x0000000708000000| Untracked 
|  89|0x0000000708100000, 0x0000000708100000, 0x0000000708200000|  0%| F|  |TAMS 0x0000000708100000, 0x0000000708100000| Untracked 
|  90|0x0000000708200000, 0x0000000708200000, 0x0000000708300000|  0%| F|  |TAMS 0x0000000708200000, 0x0000000708200000| Untracked 
|  91|0x0000000708300000, 0x0000000708300000, 0x0000000708400000|  0%| F|  |TAMS 0x0000000708300000, 0x0000000708300000| Untracked 
|  92|0x0000000708400000, 0x0000000708400000, 0x0000000708500000|  0%| F|  |TAMS 0x0000000708400000, 0x0000000708400000| Untracked 
|  93|0x0000000708500000, 0x0000000708500000, 0x0000000708600000|  0%| F|  |TAMS 0x0000000708500000, 0x0000000708500000| Untracked 
|  94|0x0000000708600000, 0x0000000708600000, 0x0000000708700000|  0%| F|  |TAMS 0x0000000708600000, 0x0000000708600000| Untracked 
|  95|0x0000000708700000, 0x0000000708700000, 0x0000000708800000|  0%| F|  |TAMS 0x0000000708700000, 0x0000000708700000| Untracked 
|  96|0x0000000708800000, 0x0000000708800000, 0x0000000708900000|  0%| F|  |TAMS 0x0000000708800000, 0x0000000708800000| Untracked 
|  97|0x0000000708900000, 0x0000000708900000, 0x0000000708a00000|  0%| F|  |TAMS 0x0000000708900000, 0x0000000708900000| Untracked 
|  98|0x0000000708a00000, 0x0000000708a00000, 0x0000000708b00000|  0%| F|  |TAMS 0x0000000708a00000, 0x0000000708a00000| Untracked 
|  99|0x0000000708b00000, 0x0000000708b00000, 0x0000000708c00000|  0%| F|  |TAMS 0x0000000708b00000, 0x0000000708b00000| Untracked 
| 100|0x0000000708c00000, 0x0000000708c00000, 0x0000000708d00000|  0%| F|  |TAMS 0x0000000708c00000, 0x0000000708c00000| Untracked 
| 101|0x0000000708d00000, 0x0000000708d00000, 0x0000000708e00000|  0%| F|  |TAMS 0x0000000708d00000, 0x0000000708d00000| Untracked 
| 102|0x0000000708e00000, 0x0000000708e00000, 0x0000000708f00000|  0%| F|  |TAMS 0x0000000708e00000, 0x0000000708e00000| Untracked 
| 103|0x0000000708f00000, 0x0000000708f00000, 0x0000000709000000|  0%| F|  |TAMS 0x0000000708f00000, 0x0000000708f00000| Untracked 
| 104|0x0000000709000000, 0x0000000709000000, 0x0000000709100000|  0%| F|  |TAMS 0x0000000709000000, 0x0000000709000000| Untracked 
| 105|0x0000000709100000, 0x0000000709100000, 0x0000000709200000|  0%| F|  |TAMS 0x0000000709100000, 0x0000000709100000| Untracked 
| 106|0x0000000709200000, 0x0000000709200000, 0x0000000709300000|  0%| F|  |TAMS 0x0000000709200000, 0x0000000709200000| Untracked 
| 107|0x0000000709300000, 0x0000000709300000, 0x0000000709400000|  0%| F|  |TAMS 0x0000000709300000, 0x0000000709300000| Untracked 
| 108|0x0000000709400000, 0x0000000709400000, 0x0000000709500000|  0%| F|  |TAMS 0x0000000709400000, 0x0000000709400000| Untracked 
| 109|0x0000000709500000, 0x0000000709500000, 0x0000000709600000|  0%| F|  |TAMS 0x0000000709500000, 0x0000000709500000| Untracked 
| 110|0x0000000709600000, 0x0000000709600000, 0x0000000709700000|  0%| F|  |TAMS 0x0000000709600000, 0x0000000709600000| Untracked 
| 111|0x0000000709700000, 0x0000000709700000, 0x0000000709800000|  0%| F|  |TAMS 0x0000000709700000, 0x0000000709700000| Untracked 
| 112|0x0000000709800000, 0x0000000709800000, 0x0000000709900000|  0%| F|  |TAMS 0x0000000709800000, 0x0000000709800000| Untracked 
| 113|0x0000000709900000, 0x0000000709900000, 0x0000000709a00000|  0%| F|  |TAMS 0x0000000709900000, 0x0000000709900000| Untracked 
| 114|0x0000000709a00000, 0x0000000709a00000, 0x0000000709b00000|  0%| F|  |TAMS 0x0000000709a00000, 0x0000000709a00000| Untracked 
| 115|0x0000000709b00000, 0x0000000709b00000, 0x0000000709c00000|  0%| F|  |TAMS 0x0000000709b00000, 0x0000000709b00000| Untracked 
| 116|0x0000000709c00000, 0x0000000709c00000, 0x0000000709d00000|  0%| F|  |TAMS 0x0000000709c00000, 0x0000000709c00000| Untracked 
| 117|0x0000000709d00000, 0x0000000709d00000, 0x0000000709e00000|  0%| F|  |TAMS 0x0000000709d00000, 0x0000000709d00000| Untracked 
| 118|0x0000000709e00000, 0x0000000709e00000, 0x0000000709f00000|  0%| F|  |TAMS 0x0000000709e00000, 0x0000000709e00000| Untracked 
| 119|0x0000000709f00000, 0x0000000709f00000, 0x000000070a000000|  0%| F|  |TAMS 0x0000000709f00000, 0x0000000709f00000| Untracked 
| 120|0x000000070a000000, 0x000000070a000000, 0x000000070a100000|  0%| F|  |TAMS 0x000000070a000000, 0x000000070a000000| Untracked 
| 121|0x000000070a100000, 0x000000070a100000, 0x000000070a200000|  0%| F|  |TAMS 0x000000070a100000, 0x000000070a100000| Untracked 
| 122|0x000000070a200000, 0x000000070a200000, 0x000000070a300000|  0%| F|  |TAMS 0x000000070a200000, 0x000000070a200000| Untracked 
| 123|0x000000070a300000, 0x000000070a300000, 0x000000070a400000|  0%| F|  |TAMS 0x000000070a300000, 0x000000070a300000| Untracked 
| 124|0x000000070a400000, 0x000000070a400000, 0x000000070a500000|  0%| F|  |TAMS 0x000000070a400000, 0x000000070a400000| Untracked 
| 125|0x000000070a500000, 0x000000070a500000, 0x000000070a600000|  0%| F|  |TAMS 0x000000070a500000, 0x000000070a500000| Untracked 
| 126|0x000000070a600000, 0x000000070a600000, 0x000000070a700000|  0%| F|  |TAMS 0x000000070a600000, 0x000000070a600000| Untracked 
| 127|0x000000070a700000, 0x000000070a700000, 0x000000070a800000|  0%| F|  |TAMS 0x000000070a700000, 0x000000070a700000| Untracked 
| 128|0x000000070a800000, 0x000000070a800000, 0x000000070a900000|  0%| F|  |TAMS 0x000000070a800000, 0x000000070a800000| Untracked 
| 129|0x000000070a900000, 0x000000070a900000, 0x000000070aa00000|  0%| F|  |TAMS 0x000000070a900000, 0x000000070a900000| Untracked 
| 130|0x000000070aa00000, 0x000000070aa00000, 0x000000070ab00000|  0%| F|  |TAMS 0x000000070aa00000, 0x000000070aa00000| Untracked 
| 131|0x000000070ab00000, 0x000000070ab00000, 0x000000070ac00000|  0%| F|  |TAMS 0x000000070ab00000, 0x000000070ab00000| Untracked 
| 132|0x000000070ac00000, 0x000000070ac00000, 0x000000070ad00000|  0%| F|  |TAMS 0x000000070ac00000, 0x000000070ac00000| Untracked 
| 133|0x000000070ad00000, 0x000000070ad00000, 0x000000070ae00000|  0%| F|  |TAMS 0x000000070ad00000, 0x000000070ad00000| Untracked 
| 134|0x000000070ae00000, 0x000000070ae00000, 0x000000070af00000|  0%| F|  |TAMS 0x000000070ae00000, 0x000000070ae00000| Untracked 
| 135|0x000000070af00000, 0x000000070af00000, 0x000000070b000000|  0%| F|  |TAMS 0x000000070af00000, 0x000000070af00000| Untracked 
| 136|0x000000070b000000, 0x000000070b000000, 0x000000070b100000|  0%| F|  |TAMS 0x000000070b000000, 0x000000070b000000| Untracked 
| 137|0x000000070b100000, 0x000000070b100000, 0x000000070b200000|  0%| F|  |TAMS 0x000000070b100000, 0x000000070b100000| Untracked 
| 138|0x000000070b200000, 0x000000070b200000, 0x000000070b300000|  0%| F|  |TAMS 0x000000070b200000, 0x000000070b200000| Untracked 
| 139|0x000000070b300000, 0x000000070b300000, 0x000000070b400000|  0%| F|  |TAMS 0x000000070b300000, 0x000000070b300000| Untracked 
| 140|0x000000070b400000, 0x000000070b400000, 0x000000070b500000|  0%| F|  |TAMS 0x000000070b400000, 0x000000070b400000| Untracked 
| 141|0x000000070b500000, 0x000000070b500000, 0x000000070b600000|  0%| F|  |TAMS 0x000000070b500000, 0x000000070b500000| Untracked 
| 142|0x000000070b600000, 0x000000070b600000, 0x000000070b700000|  0%| F|  |TAMS 0x000000070b600000, 0x000000070b600000| Untracked 
| 143|0x000000070b700000, 0x000000070b700000, 0x000000070b800000|  0%| F|  |TAMS 0x000000070b700000, 0x000000070b700000| Untracked 
| 144|0x000000070b800000, 0x000000070b800000, 0x000000070b900000|  0%| F|  |TAMS 0x000000070b800000, 0x000000070b800000| Untracked 
| 145|0x000000070b900000, 0x000000070b900000, 0x000000070ba00000|  0%| F|  |TAMS 0x000000070b900000, 0x000000070b900000| Untracked 
| 146|0x000000070ba00000, 0x000000070ba00000, 0x000000070bb00000|  0%| F|  |TAMS 0x000000070ba00000, 0x000000070ba00000| Untracked 
| 147|0x000000070bb00000, 0x000000070bb00000, 0x000000070bc00000|  0%| F|  |TAMS 0x000000070bb00000, 0x000000070bb00000| Untracked 
| 148|0x000000070bc00000, 0x000000070bc00000, 0x000000070bd00000|  0%| F|  |TAMS 0x000000070bc00000, 0x000000070bc00000| Untracked 
| 149|0x000000070bd00000, 0x000000070bd00000, 0x000000070be00000|  0%| F|  |TAMS 0x000000070bd00000, 0x000000070bd00000| Untracked 
| 150|0x000000070be00000, 0x000000070be00000, 0x000000070bf00000|  0%| F|  |TAMS 0x000000070be00000, 0x000000070be00000| Untracked 
| 151|0x000000070bf00000, 0x000000070bf00000, 0x000000070c000000|  0%| F|  |TAMS 0x000000070bf00000, 0x000000070bf00000| Untracked 
| 152|0x000000070c000000, 0x000000070c000000, 0x000000070c100000|  0%| F|  |TAMS 0x000000070c000000, 0x000000070c000000| Untracked 
| 153|0x000000070c100000, 0x000000070c100000, 0x000000070c200000|  0%| F|  |TAMS 0x000000070c100000, 0x000000070c100000| Untracked 
| 154|0x000000070c200000, 0x000000070c200000, 0x000000070c300000|  0%| F|  |TAMS 0x000000070c200000, 0x000000070c200000| Untracked 
| 155|0x000000070c300000, 0x000000070c300000, 0x000000070c400000|  0%| F|  |TAMS 0x000000070c300000, 0x000000070c300000| Untracked 
| 156|0x000000070c400000, 0x000000070c400000, 0x000000070c500000|  0%| F|  |TAMS 0x000000070c400000, 0x000000070c400000| Untracked 
| 157|0x000000070c500000, 0x000000070c500000, 0x000000070c600000|  0%| F|  |TAMS 0x000000070c500000, 0x000000070c500000| Untracked 
| 158|0x000000070c600000, 0x000000070c600000, 0x000000070c700000|  0%| F|  |TAMS 0x000000070c600000, 0x000000070c600000| Untracked 
| 159|0x000000070c700000, 0x000000070c700000, 0x000000070c800000|  0%| F|  |TAMS 0x000000070c700000, 0x000000070c700000| Untracked 
| 160|0x000000070c800000, 0x000000070c800000, 0x000000070c900000|  0%| F|  |TAMS 0x000000070c800000, 0x000000070c800000| Untracked 
| 161|0x000000070c900000, 0x000000070c900000, 0x000000070ca00000|  0%| F|  |TAMS 0x000000070c900000, 0x000000070c900000| Untracked 
| 162|0x000000070ca00000, 0x000000070ca00000, 0x000000070cb00000|  0%| F|  |TAMS 0x000000070ca00000, 0x000000070ca00000| Untracked 
| 163|0x000000070cb00000, 0x000000070cb00000, 0x000000070cc00000|  0%| F|  |TAMS 0x000000070cb00000, 0x000000070cb00000| Untracked 
| 164|0x000000070cc00000, 0x000000070cc00000, 0x000000070cd00000|  0%| F|  |TAMS 0x000000070cc00000, 0x000000070cc00000| Untracked 
| 165|0x000000070cd00000, 0x000000070cd00000, 0x000000070ce00000|  0%| F|  |TAMS 0x000000070cd00000, 0x000000070cd00000| Untracked 
| 166|0x000000070ce00000, 0x000000070ce00000, 0x000000070cf00000|  0%| F|  |TAMS 0x000000070ce00000, 0x000000070ce00000| Untracked 
| 167|0x000000070cf00000, 0x000000070cf00000, 0x000000070d000000|  0%| F|  |TAMS 0x000000070cf00000, 0x000000070cf00000| Untracked 
| 168|0x000000070d000000, 0x000000070d000000, 0x000000070d100000|  0%| F|  |TAMS 0x000000070d000000, 0x000000070d000000| Untracked 
| 169|0x000000070d100000, 0x000000070d100000, 0x000000070d200000|  0%| F|  |TAMS 0x000000070d100000, 0x000000070d100000| Untracked 
| 170|0x000000070d200000, 0x000000070d200000, 0x000000070d300000|  0%| F|  |TAMS 0x000000070d200000, 0x000000070d200000| Untracked 
| 171|0x000000070d300000, 0x000000070d300000, 0x000000070d400000|  0%| F|  |TAMS 0x000000070d300000, 0x000000070d300000| Untracked 
| 172|0x000000070d400000, 0x000000070d400000, 0x000000070d500000|  0%| F|  |TAMS 0x000000070d400000, 0x000000070d400000| Untracked 
| 173|0x000000070d500000, 0x000000070d500000, 0x000000070d600000|  0%| F|  |TAMS 0x000000070d500000, 0x000000070d500000| Untracked 
| 174|0x000000070d600000, 0x000000070d600000, 0x000000070d700000|  0%| F|  |TAMS 0x000000070d600000, 0x000000070d600000| Untracked 
| 175|0x000000070d700000, 0x000000070d700000, 0x000000070d800000|  0%| F|  |TAMS 0x000000070d700000, 0x000000070d700000| Untracked 
| 176|0x000000070d800000, 0x000000070d800000, 0x000000070d900000|  0%| F|  |TAMS 0x000000070d800000, 0x000000070d800000| Untracked 
| 177|0x000000070d900000, 0x000000070d900000, 0x000000070da00000|  0%| F|  |TAMS 0x000000070d900000, 0x000000070d900000| Untracked 
| 178|0x000000070da00000, 0x000000070da00000, 0x000000070db00000|  0%| F|  |TAMS 0x000000070da00000, 0x000000070da00000| Untracked 
| 179|0x000000070db00000, 0x000000070db00000, 0x000000070dc00000|  0%| F|  |TAMS 0x000000070db00000, 0x000000070db00000| Untracked 
| 180|0x000000070dc00000, 0x000000070dc00000, 0x000000070dd00000|  0%| F|  |TAMS 0x000000070dc00000, 0x000000070dc00000| Untracked 
| 181|0x000000070dd00000, 0x000000070dd00000, 0x000000070de00000|  0%| F|  |TAMS 0x000000070dd00000, 0x000000070dd00000| Untracked 
| 182|0x000000070de00000, 0x000000070de00000, 0x000000070df00000|  0%| F|  |TAMS 0x000000070de00000, 0x000000070de00000| Untracked 
| 183|0x000000070df00000, 0x000000070df00000, 0x000000070e000000|  0%| F|  |TAMS 0x000000070df00000, 0x000000070df00000| Untracked 
| 184|0x000000070e000000, 0x000000070e000000, 0x000000070e100000|  0%| F|  |TAMS 0x000000070e000000, 0x000000070e000000| Untracked 
| 185|0x000000070e100000, 0x000000070e100000, 0x000000070e200000|  0%| F|  |TAMS 0x000000070e100000, 0x000000070e100000| Untracked 
| 186|0x000000070e200000, 0x000000070e200000, 0x000000070e300000|  0%| F|  |TAMS 0x000000070e200000, 0x000000070e200000| Untracked 
| 187|0x000000070e300000, 0x000000070e300000, 0x000000070e400000|  0%| F|  |TAMS 0x000000070e300000, 0x000000070e300000| Untracked 
| 188|0x000000070e400000, 0x000000070e400000, 0x000000070e500000|  0%| F|  |TAMS 0x000000070e400000, 0x000000070e400000| Untracked 
| 189|0x000000070e500000, 0x000000070e500000, 0x000000070e600000|  0%| F|  |TAMS 0x000000070e500000, 0x000000070e500000| Untracked 
| 190|0x000000070e600000, 0x000000070e600000, 0x000000070e700000|  0%| F|  |TAMS 0x000000070e600000, 0x000000070e600000| Untracked 
| 191|0x000000070e700000, 0x000000070e700000, 0x000000070e800000|  0%| F|  |TAMS 0x000000070e700000, 0x000000070e700000| Untracked 
| 192|0x000000070e800000, 0x000000070e800000, 0x000000070e900000|  0%| F|  |TAMS 0x000000070e800000, 0x000000070e800000| Untracked 
| 193|0x000000070e900000, 0x000000070e900000, 0x000000070ea00000|  0%| F|  |TAMS 0x000000070e900000, 0x000000070e900000| Untracked 
| 194|0x000000070ea00000, 0x000000070ea00000, 0x000000070eb00000|  0%| F|  |TAMS 0x000000070ea00000, 0x000000070ea00000| Untracked 
| 195|0x000000070eb00000, 0x000000070eb00000, 0x000000070ec00000|  0%| F|  |TAMS 0x000000070eb00000, 0x000000070eb00000| Untracked 
| 196|0x000000070ec00000, 0x000000070ec00000, 0x000000070ed00000|  0%| F|  |TAMS 0x000000070ec00000, 0x000000070ec00000| Untracked 
| 197|0x000000070ed00000, 0x000000070ed00000, 0x000000070ee00000|  0%| F|  |TAMS 0x000000070ed00000, 0x000000070ed00000| Untracked 
| 198|0x000000070ee00000, 0x000000070ee00000, 0x000000070ef00000|  0%| F|  |TAMS 0x000000070ee00000, 0x000000070ee00000| Untracked 
| 199|0x000000070ef00000, 0x000000070ef00000, 0x000000070f000000|  0%| F|  |TAMS 0x000000070ef00000, 0x000000070ef00000| Untracked 
| 200|0x000000070f000000, 0x000000070f000000, 0x000000070f100000|  0%| F|  |TAMS 0x000000070f000000, 0x000000070f000000| Untracked 
| 201|0x000000070f100000, 0x000000070f100000, 0x000000070f200000|  0%| F|  |TAMS 0x000000070f100000, 0x000000070f100000| Untracked 
| 202|0x000000070f200000, 0x000000070f200000, 0x000000070f300000|  0%| F|  |TAMS 0x000000070f200000, 0x000000070f200000| Untracked 
| 203|0x000000070f300000, 0x000000070f300000, 0x000000070f400000|  0%| F|  |TAMS 0x000000070f300000, 0x000000070f300000| Untracked 
| 204|0x000000070f400000, 0x000000070f400000, 0x000000070f500000|  0%| F|  |TAMS 0x000000070f400000, 0x000000070f400000| Untracked 
| 205|0x000000070f500000, 0x000000070f500000, 0x000000070f600000|  0%| F|  |TAMS 0x000000070f500000, 0x000000070f500000| Untracked 
| 206|0x000000070f600000, 0x000000070f600000, 0x000000070f700000|  0%| F|  |TAMS 0x000000070f600000, 0x000000070f600000| Untracked 
| 207|0x000000070f700000, 0x000000070f700000, 0x000000070f800000|  0%| F|  |TAMS 0x000000070f700000, 0x000000070f700000| Untracked 
| 208|0x000000070f800000, 0x000000070f800000, 0x000000070f900000|  0%| F|  |TAMS 0x000000070f800000, 0x000000070f800000| Untracked 
| 209|0x000000070f900000, 0x000000070f900000, 0x000000070fa00000|  0%| F|  |TAMS 0x000000070f900000, 0x000000070f900000| Untracked 
| 210|0x000000070fa00000, 0x000000070fa00000, 0x000000070fb00000|  0%| F|  |TAMS 0x000000070fa00000, 0x000000070fa00000| Untracked 
| 211|0x000000070fb00000, 0x000000070fb00000, 0x000000070fc00000|  0%| F|  |TAMS 0x000000070fb00000, 0x000000070fb00000| Untracked 
| 212|0x000000070fc00000, 0x000000070fc00000, 0x000000070fd00000|  0%| F|  |TAMS 0x000000070fc00000, 0x000000070fc00000| Untracked 
| 213|0x000000070fd00000, 0x000000070fd00000, 0x000000070fe00000|  0%| F|  |TAMS 0x000000070fd00000, 0x000000070fd00000| Untracked 
| 214|0x000000070fe00000, 0x000000070fe00000, 0x000000070ff00000|  0%| F|  |TAMS 0x000000070fe00000, 0x000000070fe00000| Untracked 
| 215|0x000000070ff00000, 0x000000070ff00000, 0x0000000710000000|  0%| F|  |TAMS 0x000000070ff00000, 0x000000070ff00000| Untracked 
| 216|0x0000000710000000, 0x0000000710000000, 0x0000000710100000|  0%| F|  |TAMS 0x0000000710000000, 0x0000000710000000| Untracked 
| 217|0x0000000710100000, 0x0000000710100000, 0x0000000710200000|  0%| F|  |TAMS 0x0000000710100000, 0x0000000710100000| Untracked 
| 218|0x0000000710200000, 0x0000000710200000, 0x0000000710300000|  0%| F|  |TAMS 0x0000000710200000, 0x0000000710200000| Untracked 
| 219|0x0000000710300000, 0x0000000710300000, 0x0000000710400000|  0%| F|  |TAMS 0x0000000710300000, 0x0000000710300000| Untracked 
| 220|0x0000000710400000, 0x0000000710400000, 0x0000000710500000|  0%| F|  |TAMS 0x0000000710400000, 0x0000000710400000| Untracked 
| 221|0x0000000710500000, 0x0000000710500000, 0x0000000710600000|  0%| F|  |TAMS 0x0000000710500000, 0x0000000710500000| Untracked 
| 222|0x0000000710600000, 0x0000000710600000, 0x0000000710700000|  0%| F|  |TAMS 0x0000000710600000, 0x0000000710600000| Untracked 
| 223|0x0000000710700000, 0x0000000710700000, 0x0000000710800000|  0%| F|  |TAMS 0x0000000710700000, 0x0000000710700000| Untracked 
| 224|0x0000000710800000, 0x0000000710800000, 0x0000000710900000|  0%| F|  |TAMS 0x0000000710800000, 0x0000000710800000| Untracked 
| 225|0x0000000710900000, 0x0000000710900000, 0x0000000710a00000|  0%| F|  |TAMS 0x0000000710900000, 0x0000000710900000| Untracked 
| 226|0x0000000710a00000, 0x0000000710a00000, 0x0000000710b00000|  0%| F|  |TAMS 0x0000000710a00000, 0x0000000710a00000| Untracked 
| 227|0x0000000710b00000, 0x0000000710b1cc28, 0x0000000710c00000| 11%| S|CS|TAMS 0x0000000710b00000, 0x0000000710b00000| Complete 
| 228|0x0000000710c00000, 0x0000000710d00000, 0x0000000710d00000|100%| S|CS|TAMS 0x0000000710c00000, 0x0000000710c00000| Complete 
| 229|0x0000000710d00000, 0x0000000710e00000, 0x0000000710e00000|100%| S|CS|TAMS 0x0000000710d00000, 0x0000000710d00000| Complete 
| 230|0x0000000710e00000, 0x0000000710e00000, 0x0000000710f00000|  0%| F|  |TAMS 0x0000000710e00000, 0x0000000710e00000| Untracked 
| 231|0x0000000710f00000, 0x0000000710f00000, 0x0000000711000000|  0%| F|  |TAMS 0x0000000710f00000, 0x0000000710f00000| Untracked 
| 232|0x0000000711000000, 0x0000000711000000, 0x0000000711100000|  0%| F|  |TAMS 0x0000000711000000, 0x0000000711000000| Untracked 
| 233|0x0000000711100000, 0x0000000711100000, 0x0000000711200000|  0%| F|  |TAMS 0x0000000711100000, 0x0000000711100000| Untracked 
| 234|0x0000000711200000, 0x0000000711200000, 0x0000000711300000|  0%| F|  |TAMS 0x0000000711200000, 0x0000000711200000| Untracked 
| 235|0x0000000711300000, 0x0000000711300000, 0x0000000711400000|  0%| F|  |TAMS 0x0000000711300000, 0x0000000711300000| Untracked 
| 236|0x0000000711400000, 0x0000000711400000, 0x0000000711500000|  0%| F|  |TAMS 0x0000000711400000, 0x0000000711400000| Untracked 
| 237|0x0000000711500000, 0x0000000711500000, 0x0000000711600000|  0%| F|  |TAMS 0x0000000711500000, 0x0000000711500000| Untracked 
| 238|0x0000000711600000, 0x0000000711600000, 0x0000000711700000|  0%| F|  |TAMS 0x0000000711600000, 0x0000000711600000| Untracked 
| 239|0x0000000711700000, 0x0000000711700000, 0x0000000711800000|  0%| F|  |TAMS 0x0000000711700000, 0x0000000711700000| Untracked 
| 240|0x0000000711800000, 0x0000000711800000, 0x0000000711900000|  0%| F|  |TAMS 0x0000000711800000, 0x0000000711800000| Untracked 
| 241|0x0000000711900000, 0x0000000711900000, 0x0000000711a00000|  0%| F|  |TAMS 0x0000000711900000, 0x0000000711900000| Untracked 
| 242|0x0000000711a00000, 0x0000000711a00000, 0x0000000711b00000|  0%| F|  |TAMS 0x0000000711a00000, 0x0000000711a00000| Untracked 
| 243|0x0000000711b00000, 0x0000000711b00000, 0x0000000711c00000|  0%| F|  |TAMS 0x0000000711b00000, 0x0000000711b00000| Untracked 
| 244|0x0000000711c00000, 0x0000000711c00000, 0x0000000711d00000|  0%| F|  |TAMS 0x0000000711c00000, 0x0000000711c00000| Untracked 
| 245|0x0000000711d00000, 0x0000000711d00000, 0x0000000711e00000|  0%| F|  |TAMS 0x0000000711d00000, 0x0000000711d00000| Untracked 
| 246|0x0000000711e00000, 0x0000000711e8aa90, 0x0000000711f00000| 54%| E|  |TAMS 0x0000000711e00000, 0x0000000711e00000| Complete 
| 247|0x0000000711f00000, 0x0000000712000000, 0x0000000712000000|100%| E|CS|TAMS 0x0000000711f00000, 0x0000000711f00000| Complete 
| 248|0x0000000712000000, 0x0000000712100000, 0x0000000712100000|100%| E|CS|TAMS 0x0000000712000000, 0x0000000712000000| Complete 
| 249|0x0000000712100000, 0x0000000712200000, 0x0000000712200000|100%| E|CS|TAMS 0x0000000712100000, 0x0000000712100000| Complete 
| 250|0x0000000712200000, 0x0000000712300000, 0x0000000712300000|100%| E|CS|TAMS 0x0000000712200000, 0x0000000712200000| Complete 
| 251|0x0000000712300000, 0x0000000712400000, 0x0000000712400000|100%| E|CS|TAMS 0x0000000712300000, 0x0000000712300000| Complete 
| 252|0x0000000712400000, 0x0000000712500000, 0x0000000712500000|100%| E|CS|TAMS 0x0000000712400000, 0x0000000712400000| Complete 
| 253|0x0000000712500000, 0x0000000712600000, 0x0000000712600000|100%| E|CS|TAMS 0x0000000712500000, 0x0000000712500000| Complete 

Card table byte_map: [0x00000180f3010000,0x00000180f3800000] _byte_map_base: 0x00000180ef7fc000

Marking Bits (Prev, Next): (CMBitMap*) 0x00000180da4a4268, (CMBitMap*) 0x00000180da4a42a0
 Prev Bits: [0x00000180f3ff0000, 0x00000180f7f50000)
 Next Bits: [0x00000180f7f50000, 0x00000180fbeb0000)

Polling page: 0x00000180e2b60000

Metaspace:

Usage:
  Non-class:     12.52 MB capacity,    12.40 MB (>99%) used,   111.46 KB ( <1%) free+waste,    13.19 KB ( <1%) overhead. 
      Class:   1017.00 KB capacity,   965.91 KB ( 95%) used,    46.84 KB (  5%) free+waste,     4.25 KB ( <1%) overhead. 
       Both:     13.52 MB capacity,    13.34 MB ( 99%) used,   158.30 KB (  1%) free+waste,    17.44 KB ( <1%) overhead. 

Virtual space:
  Non-class space:       14.00 MB reserved,      12.75 MB ( 91%) committed 
      Class space:        1.00 GB reserved,       1.00 MB ( <1%) committed 
             Both:        1.01 GB reserved,      13.75 MB (  1%) committed 

Chunk freelists:
   Non-Class:  105.00 KB
       Class:  7.00 KB
        Both:  112.00 KB

MaxMetaspaceSize: 17179869184.00 GB
CompressedClassSpaceSize: 1.00 GB
Initial GC threshold: 20.80 MB
Current GC threshold: 20.80 MB
CDS: off

CodeHeap 'non-profiled nmethods': size=120000Kb used=356Kb max_used=356Kb free=119643Kb
 bounds [0x00000180ea650000, 0x00000180ea8c0000, 0x00000180f1b80000]
CodeHeap 'profiled nmethods': size=120000Kb used=2037Kb max_used=2037Kb free=117962Kb
 bounds [0x00000180e3120000, 0x00000180e3390000, 0x00000180ea650000]
CodeHeap 'non-nmethods': size=5760Kb used=1629Kb max_used=1644Kb free=4130Kb
 bounds [0x00000180e2b80000, 0x00000180e2df0000, 0x00000180e3120000]
 total_blobs=2057 nmethods=1043 adapters=927
 compilation: enabled
              stopped_count=0, restarted_count=0
 full_count=0

Compilation events (20 events):
Event: 4.972 Thread 0x00000180ff54f800 1033       3       org.lwjgl.glfw.EventLoop$OnScreen::check (1 bytes)
Event: 4.972 Thread 0x00000180ff54f800 nmethod 1033 0x00000180e3317590 code [0x00000180e3317740, 0x00000180e3317818]
Event: 4.986 Thread 0x00000180ff54f800 1035       3       com.badlogic.gdx.backends.lwjgl3.audio.OpenALLwjgl3Audio::update (43 bytes)
Event: 4.986 Thread 0x00000180ff54f800 nmethod 1035 0x00000180e3317890 code [0x00000180e3317a60, 0x00000180e3317e68]
Event: 4.986 Thread 0x00000180ff54f800 1037   !   3       com.badlogic.gdx.backends.lwjgl3.Lwjgl3Window::update (217 bytes)
Event: 4.987 Thread 0x00000180ff54f800 nmethod 1037 0x00000180e3318010 code [0x00000180e3318380, 0x00000180e3319c18]
Event: 4.987 Thread 0x00000180ff54f800 1036       3       com.badlogic.gdx.backends.lwjgl3.Lwjgl3Window::makeCurrent (72 bytes)
Event: 4.987 Thread 0x00000180ff54f800 nmethod 1036 0x00000180e331a590 code [0x00000180e331a780, 0x00000180e331ac68]
Event: 4.987 Thread 0x00000180ff54f800 1038       3       com.badlogic.gdx.graphics.g2d.BitmapFont::draw (31 bytes)
Event: 4.988 Thread 0x00000180ff54f800 nmethod 1038 0x00000180e331ad90 code [0x00000180e331afc0, 0x00000180e331b398]
Event: 4.992 Thread 0x00000180ff54f800 1039       3       com.badlogic.gdx.backends.lwjgl3.Lwjgl3Window::shouldClose (8 bytes)
Event: 4.993 Thread 0x00000180ff54f800 nmethod 1039 0x00000180e331b590 code [0x00000180e331b780, 0x00000180e331bb18]
Event: 4.993 Thread 0x00000180ff54f800 1040       3       org.lwjgl.glfw.GLFW::glfwWindowShouldClose (29 bytes)
Event: 4.993 Thread 0x00000180ff54f800 nmethod 1040 0x00000180e331bc90 code [0x00000180e331be60, 0x00000180e331c158]
Event: 5.020 Thread 0x00000180ff54f800 1041       3       com.badlogic.gdx.graphics.g2d.GlyphLayout::reset (30 bytes)
Event: 5.020 Thread 0x00000180ff54f800 nmethod 1041 0x00000180e331c290 code [0x00000180e331c4a0, 0x00000180e331cae8]
Event: 5.020 Thread 0x00000180ff54f800 1042       3       com.badlogic.gdx.graphics.g2d.GlyphLayout$GlyphRun::reset (20 bytes)
Event: 5.020 Thread 0x00000180ff54f800 nmethod 1042 0x00000180e331cd90 code [0x00000180e331cf80, 0x00000180e331d4e8]
Event: 5.070 Thread 0x00000180ff546800 1043       4       java.lang.Integer::stringSize (47 bytes)
Event: 5.070 Thread 0x00000180ff546800 nmethod 1043 0x00000180ea6a8d90 code [0x00000180ea6a8f20, 0x00000180ea6a8fd8]

GC Heap History (2 events):
Event: 0.591 GC heap before
{Heap before GC invocations=0 (full 0):
 garbage-first heap   total 260096K, used 23552K [0x0000000702800000, 0x0000000800000000)
  region size 1024K, 24 young (24576K), 0 survivors (0K)
 Metaspace       used 12006K, capacity 12141K, committed 12544K, reserved 1060864K
  class space    used 852K, capacity 920K, committed 1024K, reserved 1048576K
}
Event: 0.592 GC heap after
{Heap after GC invocations=1 (full 0):
 garbage-first heap   total 260096K, used 2163K [0x0000000702800000, 0x0000000800000000)
  region size 1024K, 3 young (3072K), 3 survivors (3072K)
 Metaspace       used 12006K, capacity 12141K, committed 12544K, reserved 1060864K
  class space    used 852K, capacity 920K, committed 1024K, reserved 1048576K
}

Deoptimization events (20 events):
Event: 0.164 Thread 0x00000180da43e800 DEOPT PACKING pc=0x00000180e314ce7f sp=0x00000076337f9e60
Event: 0.164 Thread 0x00000180da43e800 DEOPT UNPACKING pc=0x00000180e2bc9d0e sp=0x00000076337f92b0 mode 0
Event: 0.179 Thread 0x00000180da43e800 Uncommon trap: trap_request=0xffffff4d fr.pc=0x00000180ea65e7dc relative=0x000000000000003c
Event: 0.179 Thread 0x00000180da43e800 Uncommon trap: reason=unstable_if action=reinterpret pc=0x00000180ea65e7dc method=sun.nio.fs.WindowsPathParser.isSlash(C)Z @ 9 c2
Event: 0.179 Thread 0x00000180da43e800 DEOPT PACKING pc=0x00000180ea65e7dc sp=0x00000076337fbaf0
Event: 0.179 Thread 0x00000180da43e800 DEOPT UNPACKING pc=0x00000180e2b885af sp=0x00000076337fba78 mode 2
Event: 0.606 Thread 0x00000180da43e800 Uncommon trap: trap_request=0xffffff5c fr.pc=0x00000180ea686f00 relative=0x0000000000000060
Event: 0.606 Thread 0x00000180da43e800 Uncommon trap: reason=speculate_null_assert action=make_not_entrant pc=0x00000180ea686f00 method=sun.misc.Unsafe.putLong(Ljava/lang/Object;JJ)V @ 7 c2
Event: 0.606 Thread 0x00000180da43e800 DEOPT PACKING pc=0x00000180ea686f00 sp=0x00000076337feaa0
Event: 0.606 Thread 0x00000180da43e800 DEOPT UNPACKING pc=0x00000180e2b885af sp=0x00000076337fea18 mode 2
Event: 0.712 Thread 0x00000180da43e800 Uncommon trap: trap_request=0xffffff64 fr.pc=0x00000180ea686bf4 relative=0x0000000000000054
Event: 0.712 Thread 0x00000180da43e800 Uncommon trap: reason=speculate_null_check action=make_not_entrant pc=0x00000180ea686bf4 method=sun.misc.Unsafe.getLong(Ljava/lang/Object;J)J @ 5 c2
Event: 0.712 Thread 0x00000180da43e800 DEOPT PACKING pc=0x00000180ea686bf4 sp=0x00000076337fe940
Event: 0.712 Thread 0x00000180da43e800 DEOPT UNPACKING pc=0x00000180e2b885af sp=0x00000076337fe8b8 mode 2
Event: 1.219 Thread 0x00000180da43e800 DEOPT PACKING pc=0x00000180e32bea1b sp=0x00000076337fef00
Event: 1.219 Thread 0x00000180da43e800 DEOPT UNPACKING pc=0x00000180e2bc9d0e sp=0x00000076337fe448 mode 0
Event: 2.986 Thread 0x00000180da43e800 Uncommon trap: trap_request=0xffffff4d fr.pc=0x00000180ea67c64c relative=0x000000000000060c
Event: 2.986 Thread 0x00000180da43e800 Uncommon trap: reason=unstable_if action=reinterpret pc=0x00000180ea67c64c method=java.lang.Integer.getChars(II[B)I @ 25 c2
Event: 2.986 Thread 0x00000180da43e800 DEOPT PACKING pc=0x00000180ea67c64c sp=0x00000076337fed50
Event: 2.986 Thread 0x00000180da43e800 DEOPT UNPACKING pc=0x00000180e2b885af sp=0x00000076337fec98 mode 2

Classes redefined (0 events):
No events

Internal exceptions (20 events):
Event: 0.301 Thread 0x00000180da43e800 Exception <a 'java/security/PrivilegedActionException'{0x0000000711a37058}> (0x0000000711a37058) thrown at [./src/hotspot/share/prims/jvm.cpp, line 1306]
Event: 0.315 Thread 0x00000180da43e800 Exception <a 'java/lang/NoSuchMethodError'{0x0000000711aa3460}: 'int java.lang.invoke.DirectMethodHandle$Holder.invokeSpecialIFC(java.lang.Object, java.lang.Object, int)'> (0x0000000711aa3460) thrown at [./src/hotspot/share/interpreter/linkResolver.cpp, line 773]
Event: 0.316 Thread 0x00000180da43e800 Exception <a 'java/security/PrivilegedActionException'{0x0000000711aae000}> (0x0000000711aae000) thrown at [./src/hotspot/share/prims/jvm.cpp, line 1306]
Event: 0.316 Thread 0x00000180da43e800 Exception <a 'java/security/PrivilegedActionException'{0x0000000711aae2d0}> (0x0000000711aae2d0) thrown at [./src/hotspot/share/prims/jvm.cpp, line 1306]
Event: 0.324 Thread 0x00000180da43e800 Exception <a 'java/security/PrivilegedActionException'{0x0000000711960940}> (0x0000000711960940) thrown at [./src/hotspot/share/prims/jvm.cpp, line 1306]
Event: 0.324 Thread 0x00000180da43e800 Exception <a 'java/security/PrivilegedActionException'{0x0000000711960c10}> (0x0000000711960c10) thrown at [./src/hotspot/share/prims/jvm.cpp, line 1306]
Event: 0.326 Thread 0x00000180da43e800 Exception <a 'java/security/PrivilegedActionException'{0x000000071197c070}> (0x000000071197c070) thrown at [./src/hotspot/share/prims/jvm.cpp, line 1306]
Event: 0.326 Thread 0x00000180da43e800 Exception <a 'java/security/PrivilegedActionException'{0x000000071197c340}> (0x000000071197c340) thrown at [./src/hotspot/share/prims/jvm.cpp, line 1306]
Event: 0.336 Thread 0x00000180da43e800 Exception <a 'java/security/PrivilegedActionException'{0x000000071182d488}> (0x000000071182d488) thrown at [./src/hotspot/share/prims/jvm.cpp, line 1306]
Event: 0.337 Thread 0x00000180da43e800 Exception <a 'java/security/PrivilegedActionException'{0x000000071182d758}> (0x000000071182d758) thrown at [./src/hotspot/share/prims/jvm.cpp, line 1306]
Event: 0.492 Thread 0x00000180da43e800 Exception <a 'sun/nio/fs/WindowsException'{0x00000007118a2148}> (0x00000007118a2148) thrown at [./src/hotspot/share/prims/jni.cpp, line 615]
Event: 0.492 Thread 0x00000180da43e800 Exception <a 'sun/nio/fs/WindowsException'{0x00000007118a2508}> (0x00000007118a2508) thrown at [./src/hotspot/share/prims/jni.cpp, line 615]
Event: 0.494 Thread 0x00000180da43e800 Exception <a 'sun/nio/fs/WindowsException'{0x00000007118c9630}> (0x00000007118c9630) thrown at [./src/hotspot/share/prims/jni.cpp, line 615]
Event: 0.494 Thread 0x00000180da43e800 Exception <a 'sun/nio/fs/WindowsException'{0x00000007118c9928}> (0x00000007118c9928) thrown at [./src/hotspot/share/prims/jni.cpp, line 615]
Event: 0.609 Thread 0x00000180da43e800 Exception <a 'java/security/PrivilegedActionException'{0x000000071233f088}> (0x000000071233f088) thrown at [./src/hotspot/share/prims/jvm.cpp, line 1306]
Event: 0.609 Thread 0x00000180da43e800 Exception <a 'java/security/PrivilegedActionException'{0x000000071233f358}> (0x000000071233f358) thrown at [./src/hotspot/share/prims/jvm.cpp, line 1306]
Event: 0.611 Thread 0x00000180da43e800 Exception <a 'java/security/PrivilegedActionException'{0x0000000712371790}> (0x0000000712371790) thrown at [./src/hotspot/share/prims/jvm.cpp, line 1306]
Event: 0.611 Thread 0x00000180da43e800 Exception <a 'java/security/PrivilegedActionException'{0x0000000712371a60}> (0x0000000712371a60) thrown at [./src/hotspot/share/prims/jvm.cpp, line 1306]
Event: 0.711 Thread 0x00000180da43e800 Exception <a 'java/security/PrivilegedActionException'{0x0000000712166060}> (0x0000000712166060) thrown at [./src/hotspot/share/prims/jvm.cpp, line 1306]
Event: 0.711 Thread 0x00000180da43e800 Exception <a 'java/security/PrivilegedActionException'{0x0000000712166330}> (0x0000000712166330) thrown at [./src/hotspot/share/prims/jvm.cpp, line 1306]

Events (20 events):
Event: 1.311 loading class com/badlogic/gdx/math/Shape2D done
Event: 1.311 loading class com/badlogic/gdx/utils/TimeUtils
Event: 1.311 loading class com/badlogic/gdx/utils/TimeUtils done
Event: 1.404 Loaded shared library C:\Users\Evan\AppData\Local\Temp\lwjglTetrafied\3.2.3-build-13\lwjgl_opengl.dll
Event: 1.529 Loaded shared library C:\Program Files\Eclipse Foundation\jdk-11.0.12.7-hotspot\bin\java.dll
Event: 1.638 Loaded shared library C:\Users\Evan\AppData\Local\Temp\lwjglTetrafied\3.2.3-build-13\lwjgl_opengl.dll
Event: 1.639 Loaded shared library C:\Users\Evan\AppData\Local\Temp\lwjglTetrafied\3.2.3-build-13\lwjgl_opengl.dll
Event: 1.854 Loaded shared library C:\Program Files\Eclipse Foundation\jdk-11.0.12.7-hotspot\bin\java.dll
Event: 2.338 Loaded shared library C:\Users\Evan\AppData\Local\Temp\lwjglTetrafied\3.2.3-build-13\lwjgl_opengl.dll
Event: 2.339 Loaded shared library C:\Users\Evan\AppData\Local\Temp\lwjglTetrafied\3.2.3-build-13\lwjgl_opengl.dll
Event: 2.621 Loaded shared library C:\Users\Evan\AppData\Local\Temp\lwjglTetrafied\3.2.3-build-13\lwjgl_opengl.dll
Event: 2.787 Loaded shared library C:\Users\Evan\AppData\Local\Temp\lwjglTetrafied\3.2.3-build-13\lwjgl.dll
Event: 3.054 Loaded shared library C:\Users\Evan\AppData\Local\Temp\lwjglTetrafied\3.2.3-build-13\lwjgl_opengl.dll
Event: 3.921 Loaded shared library C:\Users\Evan\AppData\Local\Temp\lwjglTetrafied\3.2.3-build-13\lwjgl_opengl.dll
Event: 4.954 Loaded shared library C:\Users\Evan\AppData\Local\Temp\lwjglTetrafied\3.2.3-build-13\lwjgl_opengl.dll
Event: 4.955 Loaded shared library C:\Users\Evan\AppData\Local\Temp\lwjglTetrafied\3.2.3-build-13\lwjgl_opengl.dll
Event: 4.972 Loaded shared library C:\Users\Evan\AppData\Local\Temp\lwjglTetrafied\3.2.3-build-13\lwjgl.dll
Event: 4.973 Loaded shared library C:\Users\Evan\AppData\Local\Temp\lwjglTetrafied\3.2.3-build-13\lwjgl.dll
Event: 5.147 loading class com/badlogic/gdx/backends/lwjgl3/Lwjgl3Window$4$1
Event: 5.147 loading class com/badlogic/gdx/backends/lwjgl3/Lwjgl3Window$4$1 done


Dynamic libraries:
0x00007ff679820000 - 0x00007ff67982d000 	C:\Program Files\Eclipse Foundation\jdk-11.0.12.7-hotspot\bin\java.exe
0x00007ffd81770000 - 0x00007ffd81965000 	C:\WINDOWS\SYSTEM32\ntdll.dll
0x00007ffd80fd0000 - 0x00007ffd8108e000 	C:\WINDOWS\System32\KERNEL32.DLL
0x00007ffd7efa0000 - 0x00007ffd7f268000 	C:\WINDOWS\System32\KERNELBASE.dll
0x00007ffd7f440000 - 0x00007ffd7f540000 	C:\WINDOWS\System32\ucrtbase.dll
0x00007ffd762a0000 - 0x00007ffd762b7000 	C:\Program Files\Eclipse Foundation\jdk-11.0.12.7-hotspot\bin\jli.dll
0x00007ffd762c0000 - 0x00007ffd762d5000 	C:\Program Files\Eclipse Foundation\jdk-11.0.12.7-hotspot\bin\VCRUNTIME140.dll
0x00007ffd81330000 - 0x00007ffd814d0000 	C:\WINDOWS\System32\USER32.dll
0x00007ffd74d30000 - 0x00007ffd74fca000 	C:\WINDOWS\WinSxS\amd64_microsoft.windows.common-controls_6595b64144ccf1df_6.0.19041.1110_none_60b5254171f9507e\COMCTL32.dll
0x00007ffd7f6b0000 - 0x00007ffd7f6d2000 	C:\WINDOWS\System32\win32u.dll
0x00007ffd81100000 - 0x00007ffd8119e000 	C:\WINDOWS\System32\msvcrt.dll
0x00007ffd80fa0000 - 0x00007ffd80fcb000 	C:\WINDOWS\System32\GDI32.dll
0x00007ffd7ee90000 - 0x00007ffd7ef9b000 	C:\WINDOWS\System32\gdi32full.dll
0x00007ffd7f6e0000 - 0x00007ffd7f77d000 	C:\WINDOWS\System32\msvcp_win.dll
0x00007ffd81530000 - 0x00007ffd81560000 	C:\WINDOWS\System32\IMM32.DLL
0x00007ffd5d980000 - 0x00007ffd5da1b000 	C:\Program Files\Eclipse Foundation\jdk-11.0.12.7-hotspot\bin\msvcp140.dll
0x00007ffd13150000 - 0x00007ffd13ca9000 	C:\Program Files\Eclipse Foundation\jdk-11.0.12.7-hotspot\bin\server\jvm.dll
0x00007ffd81680000 - 0x00007ffd8172e000 	C:\WINDOWS\System32\ADVAPI32.dll
0x00007ffd80e20000 - 0x00007ffd80ebc000 	C:\WINDOWS\System32\sechost.dll
0x00007ffd811a0000 - 0x00007ffd812c5000 	C:\WINDOWS\System32\RPCRT4.dll
0x00007ffd7ffa0000 - 0x00007ffd7ffa8000 	C:\WINDOWS\System32\PSAPI.DLL
0x00007ffd4c610000 - 0x00007ffd4c619000 	C:\WINDOWS\SYSTEM32\WSOCK32.dll
0x00007ffd76960000 - 0x00007ffd76987000 	C:\WINDOWS\SYSTEM32\WINMM.dll
0x00007ffd77b20000 - 0x00007ffd77b2a000 	C:\WINDOWS\SYSTEM32\VERSION.dll
0x00007ffd81090000 - 0x00007ffd810fb000 	C:\WINDOWS\System32\WS2_32.dll
0x00007ffd7cdc0000 - 0x00007ffd7cdd2000 	C:\WINDOWS\SYSTEM32\kernel.appcore.dll
0x00007ffd7c610000 - 0x00007ffd7c620000 	C:\Program Files\Eclipse Foundation\jdk-11.0.12.7-hotspot\bin\verify.dll
0x00007ffd72a60000 - 0x00007ffd72c44000 	C:\WINDOWS\SYSTEM32\DBGHELP.DLL
0x00007ffd72870000 - 0x00007ffd7289c000 	C:\WINDOWS\SYSTEM32\dbgcore.DLL
0x00007ffd7f540000 - 0x00007ffd7f5c2000 	C:\WINDOWS\System32\bcryptPrimitives.dll
0x00007ffd5d950000 - 0x00007ffd5d978000 	C:\Program Files\Eclipse Foundation\jdk-11.0.12.7-hotspot\bin\java.dll
0x00007ffd7b2e0000 - 0x00007ffd7b2ea000 	C:\Program Files\Eclipse Foundation\jdk-11.0.12.7-hotspot\bin\jimage.dll
0x00007ffd73a30000 - 0x00007ffd73a47000 	C:\Program Files\Eclipse Foundation\jdk-11.0.12.7-hotspot\bin\zip.dll
0x00007ffd7ffb0000 - 0x00007ffd806f4000 	C:\WINDOWS\System32\SHELL32.dll
0x00007ffd7cfc0000 - 0x00007ffd7d754000 	C:\WINDOWS\SYSTEM32\windows.storage.dll
0x00007ffd80a60000 - 0x00007ffd80db4000 	C:\WINDOWS\System32\combase.dll
0x00007ffd7e8f0000 - 0x00007ffd7e91c000 	C:\WINDOWS\SYSTEM32\Wldp.dll
0x00007ffd7f7e0000 - 0x00007ffd7f88d000 	C:\WINDOWS\System32\SHCORE.dll
0x00007ffd80dc0000 - 0x00007ffd80e15000 	C:\WINDOWS\System32\shlwapi.dll
0x00007ffd7edd0000 - 0x00007ffd7edef000 	C:\WINDOWS\SYSTEM32\profapi.dll
0x00007ffd67e60000 - 0x00007ffd67e79000 	C:\Program Files\Eclipse Foundation\jdk-11.0.12.7-hotspot\bin\net.dll
0x00007ffd787b0000 - 0x00007ffd788b9000 	C:\WINDOWS\SYSTEM32\WINHTTP.dll
0x00007ffd7e650000 - 0x00007ffd7e6ba000 	C:\WINDOWS\system32\mswsock.dll
0x00007ffd66180000 - 0x00007ffd66192000 	C:\Program Files\Eclipse Foundation\jdk-11.0.12.7-hotspot\bin\nio.dll
0x000000006e700000 - 0x000000006e72a000 	C:\Users\Evan\AppData\Local\Temp\libgdxTetrafied\e1cd32f8\gdx64.dll
0x00007ffd58970000 - 0x00007ffd589d4000 	C:\Users\Evan\AppData\Local\Temp\lwjglTetrafied\3.2.3-build-13\lwjgl.dll
0x00007ffd170c0000 - 0x00007ffd17313000 	C:\Users\Evan\AppData\Local\Temp\lwjglTetrafied\3.2.3-build-13\jemalloc.dll
0x00007ffd39a00000 - 0x00007ffd39a62000 	C:\Users\Evan\AppData\Local\Temp\lwjglTetrafied\3.2.3-build-13\glfw.dll
0x00007ffd7c8e0000 - 0x00007ffd7c97e000 	C:\WINDOWS\system32\uxtheme.dll
0x00007ffd4b150000 - 0x00007ffd4b195000 	C:\WINDOWS\SYSTEM32\dinput8.dll
0x00007ffd52e50000 - 0x00007ffd52e61000 	C:\WINDOWS\SYSTEM32\xinput1_4.dll
0x00007ffd7f780000 - 0x00007ffd7f7ce000 	C:\WINDOWS\System32\cfgmgr32.dll
0x00007ffd7ec40000 - 0x00007ffd7ec73000 	C:\WINDOWS\SYSTEM32\DEVOBJ.dll
0x00007ffd7cad0000 - 0x00007ffd7caff000 	C:\WINDOWS\SYSTEM32\dwmapi.dll
0x00007ffd69040000 - 0x00007ffd69192000 	C:\WINDOWS\SYSTEM32\inputhost.dll
0x00007ffd7f890000 - 0x00007ffd7f95d000 	C:\WINDOWS\System32\OLEAUT32.dll
0x00007ffd7c3e0000 - 0x00007ffd7c4d2000 	C:\WINDOWS\SYSTEM32\CoreMessaging.dll
0x00007ffd7b9b0000 - 0x00007ffd7bb04000 	C:\WINDOWS\SYSTEM32\wintypes.dll
0x00007ffd7a770000 - 0x00007ffd7a866000 	C:\WINDOWS\SYSTEM32\PROPSYS.dll
0x00007ffd7c080000 - 0x00007ffd7c3de000 	C:\WINDOWS\SYSTEM32\CoreUIComponents.dll
0x00007ffd7db90000 - 0x00007ffd7dbc3000 	C:\WINDOWS\SYSTEM32\ntmarta.dll
0x00007ffd81560000 - 0x00007ffd81676000 	C:\WINDOWS\System32\MSCTF.dll
0x00007ffd64e60000 - 0x00007ffd64e9f000 	C:\Program Files\ASUS\Bluetooth Software\btmmhook.dll
0x00007ffd80930000 - 0x00007ffd80a5a000 	C:\WINDOWS\System32\ole32.dll
0x00007ffd7d760000 - 0x00007ffd7d76d000 	C:\WINDOWS\SYSTEM32\HID.DLL
0x00007ffd7f980000 - 0x00007ffd7fdf0000 	C:\WINDOWS\System32\SETUPAPI.DLL
0x00007ffd7f680000 - 0x00007ffd7f6a7000 	C:\WINDOWS\System32\bcrypt.dll
0x00007ffd7f3d0000 - 0x00007ffd7f438000 	C:\WINDOWS\System32\WINTRUST.dll
0x00007ffd7f270000 - 0x00007ffd7f3c6000 	C:\WINDOWS\System32\CRYPT32.dll
0x00007ffd7ea70000 - 0x00007ffd7ea82000 	C:\WINDOWS\SYSTEM32\MSASN1.dll
0x00007ffd251f0000 - 0x00007ffd252fb000 	C:\Users\Evan\AppData\Local\Temp\lwjglTetrafied\3.2.3-build-13\OpenAL.dll
0x00007ffd80700000 - 0x00007ffd807a9000 	C:\WINDOWS\System32\clbcatq.dll
0x00007ffd79380000 - 0x00007ffd79405000 	C:\WINDOWS\System32\MMDevApi.dll
0x00007ffd794a0000 - 0x00007ffd79622000 	C:\WINDOWS\SYSTEM32\AUDIOSES.DLL
0x00007ffd7e460000 - 0x00007ffd7e4ab000 	C:\WINDOWS\SYSTEM32\powrprof.dll
0x00007ffd7e2d0000 - 0x00007ffd7e2e2000 	C:\WINDOWS\SYSTEM32\UMPDC.dll
0x00007ffd7c9d0000 - 0x00007ffd7c9e4000 	C:\WINDOWS\SYSTEM32\resourcepolicyclient.dll
0x00007ffd1ab80000 - 0x00007ffd1aca6000 	C:\WINDOWS\SYSTEM32\opengl32.dll
0x00007ffd66db0000 - 0x00007ffd66ddc000 	C:\WINDOWS\SYSTEM32\GLU32.dll
0x00007ffd79c60000 - 0x00007ffd79d59000 	C:\Windows\System32\AppXDeploymentClient.dll
0x00007ffcfd360000 - 0x00007ffcffe74000 	C:\WINDOWS\System32\DriverStore\FileRepository\nv_dispi.inf_amd64_4a746d937e6a7240\nvoglv64.dll
0x00007ffd7a9a0000 - 0x00007ffd7a9b4000 	C:\WINDOWS\SYSTEM32\WTSAPI32.dll
0x00007ffd78720000 - 0x00007ffd78751000 	C:\WINDOWS\SYSTEM32\cryptnet.dll
0x00007ffd7e860000 - 0x00007ffd7e86c000 	C:\WINDOWS\SYSTEM32\cryptbase.dll
0x00007ffd77b30000 - 0x00007ffd77b6b000 	C:\WINDOWS\SYSTEM32\dxcore.dll
0x00007ffd4b2e0000 - 0x00007ffd4b5a5000 	C:\WINDOWS\system32\nvspcap64.dll
0x00007ffd7dc00000 - 0x00007ffd7dc5a000 	C:\WINDOWS\SYSTEM32\WINSTA.dll
0x00007ffd3b220000 - 0x00007ffd3b279000 	C:\Users\Evan\AppData\Local\Temp\lwjglTetrafied\3.2.3-build-13\lwjgl_opengl.dll
0x00007ffd6b9a0000 - 0x00007ffd6ba99000 	C:\WINDOWS\SYSTEM32\textinputframework.dll

dbghelp: loaded successfully - version: 4.0.5 - missing functions: none
symbol engine: initialized successfully - sym options: 0x614 - pdb path: .;C:\Program Files\Eclipse Foundation\jdk-11.0.12.7-hotspot\bin;C:\WINDOWS\SYSTEM32;C:\WINDOWS\WinSxS\amd64_microsoft.windows.common-controls_6595b64144ccf1df_6.0.19041.1110_none_60b5254171f9507e;C:\Program Files\Eclipse Foundation\jdk-11.0.12.7-hotspot\bin\server;C:\Users\Evan\AppData\Local\Temp\libgdxTetrafied\e1cd32f8;C:\Users\Evan\AppData\Local\Temp\lwjglTetrafied\3.2.3-build-13;C:\Program Files\ASUS\Bluetooth Software;C:\WINDOWS\System32\DriverStore\FileRepository\nv_dispi.inf_amd64_4a746d937e6a7240

VM Arguments:
java_command: com.mygdx.game.DesktopLauncher
java_class_path (initial): C:\Users\Evan\Desktop\Java Game\desktop\bin\main;\flappy-bird-core\bin\default;C:\Users\Evan\Desktop\Java Game\core\bin\main;C:\Users\Evan\.gradle\caches\modules-2\files-2.1\com.badlogicgames.gdx\gdx-backend-lwjgl3\1.10.0\600c7d5b2c977daa82c4abad147087b31e0ada87\gdx-backend-lwjgl3-1.10.0.jar;C:\Users\Evan\.gradle\caches\modules-2\files-2.1\com.badlogicgames.gdx\gdx-platform\1.10.0\9a8fa793d2fd6d360afc6c9e4c1f5583da263b88\gdx-platform-1.10.0-natives-desktop.jar;C:\Users\Evan\.gradle\caches\modules-2\files-2.1\com.badlogicgames.gdx\gdx\1.10.0\74c240f79dc4fb6b766a834249600d0a019d0489\gdx-1.10.0.jar;C:\Users\Evan\.gradle\caches\modules-2\files-2.1\org.lwjgl\lwjgl-glfw\3.2.3\5e520d5c290c8b012545a8d34fa5db5ab051ea53\lwjgl-glfw-3.2.3.jar;C:\Users\Evan\.gradle\caches\modules-2\files-2.1\org.lwjgl\lwjgl-glfw\3.2.3\b4d8a3477cdc2edcf7a5f1e822926be846223f54\lwjgl-glfw-3.2.3-natives-windows.jar;C:\Users\Evan\.gradle\caches\modules-2\files-2.1\org.lwjgl\lwjgl-glfw\3.2.3\795d81329f65679ee6d299373cbea7fffc56b6ed\lwjgl-glfw-3.2.3-natives-windows-x86.jar;C:\Users\Evan\.gradle\caches\modules-2\files-2.1\org.lwjgl\lwjgl-glfw\3.2.3\62b044d9b0a057444bef2ab70b9afc288ec09dba\lwjgl-glfw-3.2.3-natives-linux.jar;C:\Users\Evan\.gradle\caches\modules-2\files-2.1\org.lwjgl\lwjgl-glfw\3.2.3\aab1a5a1e21eca87f4acd5ba055f6bfd5d90951c\lwjgl-glfw-3.2.3-natives-linux-arm32.jar;C:\Users\Evan\.gradle\caches\modules-2\files-2.1\org.lwjgl\lwjgl-glfw\3.2.3\5149002edd12c9a7f62fb053d0ca8ea05a45f83\lwjgl-glfw-3.2.3-natives-linux-arm64.jar;C:\Users\Evan\.gradle\caches\modules-2\files-2.1\org.lwjgl\lwjgl-glfw\3.2.3\58661272eacb9116336c88b4aadccf1f17c09b\lwjgl-glfw-3.2.3-natives-macos.jar;C:\Users\Evan\.gradle\caches\modules-2\files-2.1\org.lwjgl\lwjgl-jemalloc\3.2.3\b6fd0932171ba3f2eaa4547beddca3a3e645342d\lwjgl-jemalloc-3.2.3.jar;C:\Users\Evan\.gradle\caches\modules-2\files-2.1\org.lwjgl\lwjgl-jemalloc\3.2.3\3423fd0d4c7c1916c8f46b2075c4c2df02f22675\lwjgl-jemalloc-3.2.3-natives-windo
Launcher Type: SUN_STANDARD

[Global flags]
     intx CICompilerCount                          = 4                                         {product} {ergonomic}
     uint ConcGCThreads                            = 3                                         {product} {ergonomic}
     uint G1ConcRefinementThreads                  = 10                                        {product} {ergonomic}
   size_t G1HeapRegionSize                         = 1048576                                   {product} {ergonomic}
    uintx GCDrainStackTargetSize                   = 64                                        {product} {ergonomic}
   size_t InitialHeapSize                          = 266338304                                 {product} {ergonomic}
   size_t MarkStackSize                            = 4194304                                   {product} {ergonomic}
   size_t MaxHeapSize                              = 4253024256                                {product} {ergonomic}
   size_t MaxNewSize                               = 2551185408                                {product} {ergonomic}
   size_t MinHeapDeltaBytes                        = 1048576                                   {product} {ergonomic}
    uintx NonNMethodCodeHeapSize                   = 5836300                                {pd product} {ergonomic}
    uintx NonProfiledCodeHeapSize                  = 122910970                              {pd product} {ergonomic}
    uintx ProfiledCodeHeapSize                     = 122910970                              {pd product} {ergonomic}
    uintx ReservedCodeCacheSize                    = 251658240                              {pd product} {ergonomic}
     bool SegmentedCodeCache                       = true                                      {product} {ergonomic}
     bool UseCompressedClassPointers               = true                                 {lp64_product} {ergonomic}
     bool UseCompressedOops                        = true                                 {lp64_product} {ergonomic}
     bool UseG1GC                                  = true                                      {product} {ergonomic}
     bool UseLargePagesIndividualAllocation        = false                                  {pd product} {ergonomic}

Logging:
Log output configuration:
 #0: stdout all=warning uptime,level,tags
 #1: stderr all=off uptime,level,tags

Environment Variables:
PATH=C:\Program Files\Eclipse Foundation\jdk-11.0.12.7-hotspot\bin;C:\Program Files\NVIDIA Corporation\NVIDIA NvDLISR;C:\WINDOWS\system32;C:\WINDOWS;C:\WINDOWS\System32\Wbem;C:\WINDOWS\System32\WindowsPowerShell\v1.0\;C:\WINDOWS\System32\OpenSSH\;C:\Program Files\Git\cmd;C:\Users\Evan\AppData\Local\Programs\Python\Python38\Scripts\;C:\Users\Evan\AppData\Local\Programs\Python\Python38\;C:\Users\Evan\AppData\Local\Programs\Python\Python39\Scripts\;C:\Users\Evan\AppData\Local\Programs\Python\Python39\;C:\WINDOWS\System32;C:\Users\Evan\AppData\Local\Programs\Python\Python37;C:\Python34\Scripts;C:\Users\Evan\AppData\Local\Microsoft\WindowsApps;C:\Users\Evan\AppData\Local\Programs\Microsoft VS Code\bin;C:\Users\Evan\AppData\Local\atom\bin
USERNAME=Tetrafied
LANG=en_US.UTF-8
OS=Windows_NT
PROCESSOR_IDENTIFIER=Intel64 Family 6 Model 167 Stepping 1, GenuineIntel



---------------  S Y S T E M  ---------------

OS: Windows 10 , 64 bit Build 19041 (10.0.19041.1566)
OS uptime: 6 days 8:56 hours

CPU:total 12 (initial active 12) (6 cores per cpu, 2 threads per core) family 6 model 167 stepping 1 microcode 0x40, cmov, cx8, fxsr, mmx, sse, sse2, sse3, ssse3, sse4.1, sse4.2, popcnt, avx, avx2, aes, clmul, erms, 3dnowpref, lzcnt, ht, tsc, tscinvbit, bmi1, bmi2, adx, evex, sha, fma

Memory: 4k page, system-wide physical 16217M (7312M free)
TotalPageFile size 27481M (AvailPageFile size 11480M)
current process WorkingSet (physical memory assigned to process): 127M, peak: 133M
current process commit charge ("private bytes"): 425M, peak: 428M

vm_info: OpenJDK 64-Bit Server VM (11.0.12+7) for windows-amd64 JRE (11.0.12+7), built on Jul 21 2021 16:23:49 by "" with unknown MS VC++:1916

END.
